# JRE version: OpenJDK Runtime Environment Temurin-21.0.10+7 (21.0.10+7) (build 21.0.10+7-LTS)
# Java VM: OpenJDK 64-Bit Server VM Temurin-21.0.10+7 (21.0.10+7-LTS, mixed mode, sharing, tiered, compressed oops, compressed class ptrs, g1 gc, windows-amd64)
GC Precious Log:
 CardTable entry size: 512
 Card Set container configuration: InlinePtr #cards 5 size 8 Array Of Cards #cards 12 size 40 Howl #buckets 4 coarsen threshold 1843 Howl Bitmap #cards 512 size 80 coarsen threshold 460 Card regions per heap region 1 cards per card region 2048
 CPUs: 16 total, 16 available
 Memory: 16010M
 Large Page Support: Disabled
 NUMA Support: Disabled
 Compressed Oops: Enabled (32-bit)
 Heap Region Size: 1M
 Heap Min Capacity: 256M
 Heap Initial Capacity: 256M
 Heap Max Capacity: 512M
 Pre-touch: Disabled
 Parallel Workers: 13
 Concurrent Workers: 3
 Concurrent Refinement Workers: 13
 Periodic GC: Disabled
Heap:
 garbage-first heap   total 267264K, used 216068K [0x00000000e0000000, 0x0000000100000000)
  region size 1024K, 117 young (119808K), 15 survivors (15360K)
 Metaspace       used 87878K, committed 90112K, reserved 458752K
  class space    used 12527K, committed 13632K, reserved 327680K
GC Heap History (20 events):
Event: 11.148 GC heap before
{Heap before GC invocations=5 (full 0):
 garbage-first heap   total 262144K, used 117967K [0x00000000e0000000, 0x0000000100000000)
  region size 1024K, 105 young (107520K), 13 survivors (13312K)
 Metaspace       used 34718K, committed 35968K, reserved 393216K
  class space    used 5141K, committed 5760K, reserved 327680K
}
Event: 11.154 GC heap after
{Heap after GC invocations=6 (full 0):
 garbage-first heap   total 262144K, used 32567K [0x00000000e0000000, 0x0000000100000000)
  region size 1024K, 14 young (14336K), 14 survivors (14336K)
 Metaspace       used 34718K, committed 35968K, reserved 393216K
  class space    used 5141K, committed 5760K, reserved 327680K
}
Event: 11.191 GC heap before
{Heap before GC invocations=6 (full 0):
 garbage-first heap   total 262144K, used 34615K [0x00000000e0000000, 0x0000000100000000)
  region size 1024K, 17 young (17408K), 14 survivors (14336K)
 Metaspace       used 35073K, committed 36288K, reserved 393216K
  class space    used 5203K, committed 5824K, reserved 327680K
}
Event: 11.196 GC heap after
{Heap after GC invocations=7 (full 0):
 garbage-first heap   total 262144K, used 32219K [0x00000000e0000000, 0x0000000100000000)
  region size 1024K, 8 young (8192K), 8 survivors (8192K)
 Metaspace       used 35073K, committed 36288K, reserved 393216K
  class space    used 5203K, committed 5824K, reserved 327680K
}
Event: 11.216 GC heap before
{Heap before GC invocations=7 (full 0):
 garbage-first heap   total 262144K, used 33243K [0x00000000e0000000, 0x0000000100000000)
  region size 1024K, 11 young (11264K), 8 survivors (8192K)
 Metaspace       used 35361K, committed 36608K, reserved 393216K
  class space    used 5214K, committed 5824K, reserved 327680K
}
Event: 11.220 GC heap after
{Heap after GC invocations=8 (full 0):
 garbage-first heap   total 262144K, used 32662K [0x00000000e0000000, 0x0000000100000000)
  region size 1024K, 8 young (8192K), 8 survivors (8192K)
 Metaspace       used 35361K, committed 36608K, reserved 393216K
  class space    used 5214K, committed 5824K, reserved 327680K
}
Event: 13.487 GC heap before
{Heap before GC invocations=9 (full 0):
 garbage-first heap   total 262144K, used 187286K [0x00000000e0000000, 0x0000000100000000)
  region size 1024K, 153 young (156672K), 8 survivors (8192K)
 Metaspace       used 48489K, committed 50112K, reserved 393216K
  class space    used 6998K, committed 7808K, reserved 327680K
}
Event: 13.495 GC heap after
{Heap after GC invocations=10 (full 0):
 garbage-first heap   total 262144K, used 44456K [0x00000000e0000000, 0x0000000100000000)
  region size 1024K, 20 young (20480K), 20 survivors (20480K)
 Metaspace       used 48489K, committed 50112K, reserved 393216K
  class space    used 6998K, committed 7808K, reserved 327680K
}
Event: 14.444 GC heap before
{Heap before GC invocations=10 (full 0):
 garbage-first heap   total 262144K, used 187816K [0x00000000e0000000, 0x0000000100000000)
  region size 1024K, 153 young (156672K), 20 survivors (20480K)
 Metaspace       used 50716K, committed 52352K, reserved 393216K
  class space    used 7256K, committed 8064K, reserved 327680K
}
Event: 14.454 GC heap after
{Heap after GC invocations=11 (full 0):
 garbage-first heap   total 262144K, used 62933K [0x00000000e0000000, 0x0000000100000000)
  region size 1024K, 13 young (13312K), 13 survivors (13312K)
 Metaspace       used 50716K, committed 52352K, reserved 393216K
  class space    used 7256K, committed 8064K, reserved 327680K
}
Event: 30.080 GC heap before
{Heap before GC invocations=11 (full 0):
 garbage-first heap   total 262144K, used 206293K [0x00000000e0000000, 0x0000000100000000)
  region size 1024K, 153 young (156672K), 13 survivors (13312K)
 Metaspace       used 56511K, committed 58304K, reserved 393216K
  class space    used 8152K, committed 9024K, reserved 327680K
}
Event: 30.085 GC heap after
{Heap after GC invocations=12 (full 0):
 garbage-first heap   total 262144K, used 70643K [0x00000000e0000000, 0x0000000100000000)
  region size 1024K, 9 young (9216K), 9 survivors (9216K)
 Metaspace       used 56511K, committed 58304K, reserved 393216K
  class space    used 8152K, committed 9024K, reserved 327680K
}
Event: 30.821 GC heap before
{Heap before GC invocations=12 (full 0):
 garbage-first heap   total 262144K, used 188403K [0x00000000e0000000, 0x0000000100000000)
  region size 1024K, 123 young (125952K), 9 survivors (9216K)
 Metaspace       used 59406K, committed 61248K, reserved 393216K
  class space    used 8512K, committed 9408K, reserved 327680K
}
Event: 30.825 GC heap after
{Heap after GC invocations=13 (full 0):
 garbage-first heap   total 262144K, used 81169K [0x00000000e0000000, 0x0000000100000000)
  region size 1024K, 17 young (17408K), 17 survivors (17408K)
 Metaspace       used 59406K, committed 61248K, reserved 393216K
  class space    used 8512K, committed 9408K, reserved 327680K
}
Event: 32.920 GC heap before
{Heap before GC invocations=14 (full 0):
 garbage-first heap   total 262144K, used 227601K [0x00000000e0000000, 0x0000000100000000)
  region size 1024K, 153 young (156672K), 17 survivors (17408K)
 Metaspace       used 71056K, committed 73088K, reserved 393216K
  class space    used 10079K, committed 11072K, reserved 327680K
}
Event: 32.932 GC heap after
{Heap after GC invocations=15 (full 0):
 garbage-first heap   total 262144K, used 88432K [0x00000000e0000000, 0x0000000100000000)
  region size 1024K, 19 young (19456K), 19 survivors (19456K)
 Metaspace       used 71056K, committed 73088K, reserved 393216K
  class space    used 10079K, committed 11072K, reserved 327680K
}
Event: 34.963 GC heap before
{Heap before GC invocations=15 (full 0):
 garbage-first heap   total 262144K, used 236912K [0x00000000e0000000, 0x0000000100000000)
  region size 1024K, 153 young (156672K), 19 survivors (19456K)
 Metaspace       used 75021K, committed 77056K, reserved 393216K
  class space    used 10709K, committed 11712K, reserved 327680K
}
Event: 34.970 GC heap after
{Heap after GC invocations=16 (full 0):
 garbage-first heap   total 267264K, used 108681K [0x00000000e0000000, 0x0000000100000000)
  region size 1024K, 10 young (10240K), 10 survivors (10240K)
 Metaspace       used 75021K, committed 77056K, reserved 393216K
  class space    used 10709K, committed 11712K, reserved 327680K
}
Event: 37.618 GC heap before
{Heap before GC invocations=16 (full 0):
 garbage-first heap   total 267264K, used 235657K [0x00000000e0000000, 0x0000000100000000)
  region size 1024K, 134 young (137216K), 10 survivors (10240K)
 Metaspace       used 85810K, committed 88000K, reserved 458752K
  class space    used 12228K, committed 13312K, reserved 327680K
}
Event: 37.626 GC heap after
{Heap after GC invocations=17 (full 0):
 garbage-first heap   total 267264K, used 113668K [0x00000000e0000000, 0x0000000100000000)
  region size 1024K, 15 young (15360K), 15 survivors (15360K)
 Metaspace       used 85810K, committed 88000K, reserved 458752K
  class space    used 12228K, committed 13312K, reserved 327680K
}

