# JRE version: OpenJDK Runtime Environment Temurin-21.0.10+7 (21.0.10+7) (build 21.0.10+7-LTS)
# Java VM: OpenJDK 64-Bit Server VM Temurin-21.0.10+7 (21.0.10+7-LTS, mixed mode, sharing, tiered, compressed oops, compressed class ptrs, g1 gc, windows-amd64)
GC Precious Log:
 CardTable entry size: 512
 Card Set container configuration: InlinePtr #cards 5 size 8 Array Of Cards #cards 12 size 40 Howl #buckets 4 coarsen threshold 1843 Howl Bitmap #cards 512 size 80 coarsen threshold 460 Card regions per heap region 1 cards per card region 2048
 CPUs: 16 total, 16 available
 Memory: 16010M
 Large Page Support: Disabled
 NUMA Support: Disabled
 Compressed Oops: Enabled (32-bit)
 Heap Region Size: 1M
 Heap Min Capacity: 256M
 Heap Initial Capacity: 256M
 Heap Max Capacity: 512M
 Pre-touch: Disabled
 Parallel Workers: 13
 Concurrent Workers: 3
 Concurrent Refinement Workers: 13
 Periodic GC: Disabled
Heap:
 garbage-first heap   total 371712K, used 224680K [0x00000000e0000000, 0x0000000100000000)
  region size 1024K, 9 young (9216K), 7 survivors (7168K)
 Metaspace       used 254611K, committed 257280K, reserved 589824K
  class space    used 34007K, committed 35264K, reserved 327680K
GC Heap History (20 events):
Event: 304.919 GC heap before
{Heap before GC invocations=76 (full 0):
 garbage-first heap   total 339968K, used 318464K [0x00000000e0000000, 0x0000000100000000)
  region size 1024K, 119 young (121856K), 12 survivors (12288K)
 Metaspace       used 224769K, committed 227904K, reserved 589824K
  class space    used 30200K, committed 31744K, reserved 327680K
}
Event: 304.927 GC heap after
{Heap after GC invocations=77 (full 0):
 garbage-first heap   total 339968K, used 207940K [0x00000000e0000000, 0x0000000100000000)
  region size 1024K, 13 young (13312K), 13 survivors (13312K)
 Metaspace       used 224769K, committed 227904K, reserved 589824K
  class space    used 30200K, committed 31744K, reserved 327680K
}
Event: 306.551 GC heap before
{Heap before GC invocations=77 (full 0):
 garbage-first heap   total 339968K, used 315460K [0x00000000e0000000, 0x0000000100000000)
  region size 1024K, 119 young (121856K), 13 survivors (13312K)
 Metaspace       used 226583K, committed 229760K, reserved 589824K
  class space    used 30443K, committed 32000K, reserved 327680K
}
Event: 306.558 GC heap after
{Heap after GC invocations=78 (full 0):
 garbage-first heap   total 339968K, used 209096K [0x00000000e0000000, 0x0000000100000000)
  region size 1024K, 8 young (8192K), 8 survivors (8192K)
 Metaspace       used 226583K, committed 229760K, reserved 589824K
  class space    used 30443K, committed 32000K, reserved 327680K
}
Event: 309.177 GC heap before
{Heap before GC invocations=79 (full 0):
 garbage-first heap   total 350208K, used 317640K [0x00000000e0000000, 0x0000000100000000)
  region size 1024K, 115 young (117760K), 8 survivors (8192K)
 Metaspace       used 226866K, committed 230016K, reserved 589824K
  class space    used 30475K, committed 32000K, reserved 327680K
}
Event: 309.181 GC heap after
{Heap after GC invocations=80 (full 0):
 garbage-first heap   total 350208K, used 211453K [0x00000000e0000000, 0x0000000100000000)
  region size 1024K, 10 young (10240K), 10 survivors (10240K)
 Metaspace       used 226866K, committed 230016K, reserved 589824K
  class space    used 30475K, committed 32000K, reserved 327680K
}
Event: 330.105 GC heap before
{Heap before GC invocations=80 (full 0):
 garbage-first heap   total 350208K, used 327165K [0x00000000e0000000, 0x0000000100000000)
  region size 1024K, 124 young (126976K), 10 survivors (10240K)
 Metaspace       used 227130K, committed 230272K, reserved 589824K
  class space    used 30507K, committed 32064K, reserved 327680K
}
Event: 330.113 GC heap after
{Heap after GC invocations=81 (full 0):
 garbage-first heap   total 350208K, used 206182K [0x00000000e0000000, 0x0000000100000000)
  region size 1024K, 8 young (8192K), 8 survivors (8192K)
 Metaspace       used 227130K, committed 230272K, reserved 589824K
  class space    used 30507K, committed 32064K, reserved 327680K
}
Event: 330.829 GC heap before
{Heap before GC invocations=81 (full 0):
 garbage-first heap   total 350208K, used 258406K [0x00000000e0000000, 0x0000000100000000)
  region size 1024K, 60 young (61440K), 8 survivors (8192K)
 Metaspace       used 231450K, committed 234688K, reserved 589824K
  class space    used 31007K, committed 32576K, reserved 327680K
}
Event: 330.832 GC heap after
{Heap after GC invocations=82 (full 0):
 garbage-first heap   total 350208K, used 206392K [0x00000000e0000000, 0x0000000100000000)
  region size 1024K, 8 young (8192K), 8 survivors (8192K)
 Metaspace       used 231450K, committed 234688K, reserved 589824K
  class space    used 31007K, committed 32576K, reserved 327680K
}
Event: 333.055 GC heap before
{Heap before GC invocations=83 (full 0):
 garbage-first heap   total 357376K, used 338488K [0x00000000e0000000, 0x0000000100000000)
  region size 1024K, 129 young (132096K), 8 survivors (8192K)
 Metaspace       used 235618K, committed 238208K, reserved 589824K
  class space    used 31527K, committed 32768K, reserved 327680K
}
Event: 333.059 GC heap after
{Heap after GC invocations=84 (full 0):
 garbage-first heap   total 357376K, used 212536K [0x00000000e0000000, 0x0000000100000000)
  region size 1024K, 14 young (14336K), 14 survivors (14336K)
 Metaspace       used 235618K, committed 238208K, reserved 589824K
  class space    used 31527K, committed 32768K, reserved 327680K
}
Event: 334.741 GC heap before
{Heap before GC invocations=84 (full 0):
 garbage-first heap   total 357376K, used 332344K [0x00000000e0000000, 0x0000000100000000)
  region size 1024K, 132 young (135168K), 14 survivors (14336K)
 Metaspace       used 239922K, committed 242432K, reserved 589824K
  class space    used 32094K, committed 33280K, reserved 327680K
}
Event: 334.752 GC heap after
{Heap after GC invocations=85 (full 0):
 garbage-first heap   total 360448K, used 214504K [0x00000000e0000000, 0x0000000100000000)
  region size 1024K, 8 young (8192K), 8 survivors (8192K)
 Metaspace       used 239922K, committed 242432K, reserved 589824K
  class space    used 32094K, committed 33280K, reserved 327680K
}
Event: 337.312 GC heap before
{Heap before GC invocations=85 (full 0):
 garbage-first heap   total 360448K, used 334312K [0x00000000e0000000, 0x0000000100000000)
  region size 1024K, 126 young (129024K), 8 survivors (8192K)
 Metaspace       used 240216K, committed 242816K, reserved 589824K
  class space    used 32127K, committed 33344K, reserved 327680K
}
Event: 337.315 GC heap after
{Heap after GC invocations=86 (full 0):
 garbage-first heap   total 360448K, used 214006K [0x00000000e0000000, 0x0000000100000000)
  region size 1024K, 7 young (7168K), 7 survivors (7168K)
 Metaspace       used 240216K, committed 242816K, reserved 589824K
  class space    used 32127K, committed 33344K, reserved 327680K
}
Event: 338.087 GC heap before
{Heap before GC invocations=87 (full 0):
 garbage-first heap   total 360448K, used 346102K [0x00000000e0000000, 0x0000000100000000)
  region size 1024K, 130 young (133120K), 7 survivors (7168K)
 Metaspace       used 244532K, committed 247104K, reserved 589824K
  class space    used 32627K, committed 33856K, reserved 327680K
}
Event: 338.091 GC heap after
{Heap after GC invocations=88 (full 0):
 garbage-first heap   total 365568K, used 228857K [0x00000000e0000000, 0x0000000100000000)
  region size 1024K, 17 young (17408K), 17 survivors (17408K)
 Metaspace       used 244532K, committed 247104K, reserved 589824K
  class space    used 32627K, committed 33856K, reserved 327680K
}
Event: 339.017 GC heap before
{Heap before GC invocations=88 (full 0):
 garbage-first heap   total 365568K, used 343545K [0x00000000e0000000, 0x0000000100000000)
  region size 1024K, 129 young (132096K), 17 survivors (17408K)
 Metaspace       used 250272K, committed 252928K, reserved 589824K
  class space    used 33428K, committed 34688K, reserved 327680K
}
Event: 339.024 GC heap after
{Heap after GC invocations=89 (full 0):
 garbage-first heap   total 371712K, used 224413K [0x00000000e0000000, 0x0000000100000000)
  region size 1024K, 8 young (8192K), 8 survivors (8192K)
 Metaspace       used 250272K, committed 252928K, reserved 589824K
  class space    used 33428K, committed 34688K, reserved 327680K
}

