# JRE version: OpenJDK Runtime Environment Temurin-21.0.10+7 (21.0.10+7) (build 21.0.10+7-LTS)
# Java VM: OpenJDK 64-Bit Server VM Temurin-21.0.10+7 (21.0.10+7-LTS, mixed mode, sharing, tiered, compressed oops, compressed class ptrs, g1 gc, windows-amd64)
GC Precious Log:
 CardTable entry size: 512
 Card Set container configuration: InlinePtr #cards 4 size 8 Array Of Cards #cards 32 size 80 Howl #buckets 8 coarsen threshold 7372 Howl Bitmap #cards 1024 size 144 coarsen threshold 921 Card regions per heap region 1 cards per card region 8192
 CPUs: 16 total, 16 available
 Memory: 16010M
 Large Page Support: Disabled
 NUMA Support: Disabled
 Compressed Oops: Enabled (Zero based)
 Heap Region Size: 4M
 Heap Min Capacity: 8M
 Heap Initial Capacity: 252M
 Heap Max Capacity: 8G
 Pre-touch: Disabled
 Parallel Workers: 13
 Concurrent Workers: 3
 Concurrent Refinement Workers: 13
 Periodic GC: Disabled
Heap:
 garbage-first heap   total 999424K, used 576996K [0x0000000600000000, 0x0000000800000000)
  region size 4096K, 56 young (229376K), 8 survivors (32768K)
 Metaspace       used 253079K, committed 258176K, reserved 1310720K
  class space    used 32485K, committed 34944K, reserved 1048576K
GC Heap History (20 events):
Event: 1005.102 GC heap before
{Heap before GC invocations=172 (full 0):
 garbage-first heap   total 999424K, used 834806K [0x0000000600000000, 0x0000000800000000)
  region size 4096K, 105 young (430080K), 1 survivors (4096K)
 Metaspace       used 251854K, committed 256896K, reserved 1310720K
  class space    used 32462K, committed 34880K, reserved 1048576K
}
Event: 1005.128 GC heap after
{Heap after GC invocations=173 (full 0):
 garbage-first heap   total 999424K, used 471146K [0x0000000600000000, 0x0000000800000000)
  region size 4096K, 14 young (57344K), 14 survivors (57344K)
 Metaspace       used 251854K, committed 256896K, reserved 1310720K
  class space    used 32462K, committed 34880K, reserved 1048576K
}
Event: 1011.050 GC heap before
{Heap before GC invocations=173 (full 0):
 garbage-first heap   total 999424K, used 888938K [0x0000000600000000, 0x0000000800000000)
  region size 4096K, 116 young (475136K), 14 survivors (57344K)
 Metaspace       used 251857K, committed 256896K, reserved 1310720K
  class space    used 32462K, committed 34880K, reserved 1048576K
}
Event: 1011.136 GC heap after
{Heap after GC invocations=174 (full 0):
 garbage-first heap   total 999424K, used 386545K [0x0000000600000000, 0x0000000800000000)
  region size 4096K, 3 young (12288K), 3 survivors (12288K)
 Metaspace       used 251857K, committed 256896K, reserved 1310720K
  class space    used 32462K, committed 34880K, reserved 1048576K
}
Event: 1024.729 GC heap before
{Heap before GC invocations=174 (full 0):
 garbage-first heap   total 999424K, used 894449K [0x0000000600000000, 0x0000000800000000)
  region size 4096K, 127 young (520192K), 3 survivors (12288K)
 Metaspace       used 251968K, committed 257088K, reserved 1310720K
  class space    used 32463K, committed 34880K, reserved 1048576K
}
Event: 1024.735 GC heap after
{Heap after GC invocations=175 (full 0):
 garbage-first heap   total 999424K, used 387755K [0x0000000600000000, 0x0000000800000000)
  region size 4096K, 3 young (12288K), 3 survivors (12288K)
 Metaspace       used 251968K, committed 257088K, reserved 1310720K
  class space    used 32463K, committed 34880K, reserved 1048576K
}
Event: 1038.105 GC heap before
{Heap before GC invocations=176 (full 0):
 garbage-first heap   total 999424K, used 912043K [0x0000000600000000, 0x0000000800000000)
  region size 4096K, 131 young (536576K), 3 survivors (12288K)
 Metaspace       used 252184K, committed 257280K, reserved 1310720K
  class space    used 32472K, committed 34880K, reserved 1048576K
}
Event: 1038.115 GC heap after
{Heap after GC invocations=177 (full 0):
 garbage-first heap   total 999424K, used 393240K [0x0000000600000000, 0x0000000800000000)
  region size 4096K, 5 young (20480K), 5 survivors (20480K)
 Metaspace       used 252184K, committed 257280K, reserved 1310720K
  class space    used 32472K, committed 34880K, reserved 1048576K
}
Event: 1040.984 GC heap before
{Heap before GC invocations=177 (full 0):
 garbage-first heap   total 999424K, used 917528K [0x0000000600000000, 0x0000000800000000)
  region size 4096K, 133 young (544768K), 5 survivors (20480K)
 Metaspace       used 252322K, committed 257472K, reserved 1310720K
  class space    used 32472K, committed 34880K, reserved 1048576K
}
Event: 1040.992 GC heap after
{Heap after GC invocations=178 (full 0):
 garbage-first heap   total 999424K, used 371073K [0x0000000600000000, 0x0000000800000000)
  region size 4096K, 3 young (12288K), 3 survivors (12288K)
 Metaspace       used 252322K, committed 257472K, reserved 1310720K
  class space    used 32472K, committed 34880K, reserved 1048576K
}
Event: 1057.032 GC heap before
{Heap before GC invocations=178 (full 0):
 garbage-first heap   total 999424K, used 924033K [0x0000000600000000, 0x0000000800000000)
  region size 4096K, 139 young (569344K), 3 survivors (12288K)
 Metaspace       used 252577K, committed 257664K, reserved 1310720K
  class space    used 32477K, committed 34880K, reserved 1048576K
}
Event: 1057.041 GC heap after
{Heap after GC invocations=179 (full 0):
 garbage-first heap   total 999424K, used 380397K [0x0000000600000000, 0x0000000800000000)
  region size 4096K, 5 young (20480K), 5 survivors (20480K)
 Metaspace       used 252577K, committed 257664K, reserved 1310720K
  class space    used 32477K, committed 34880K, reserved 1048576K
}
Event: 1070.905 GC heap before
{Heap before GC invocations=180 (full 0):
 garbage-first heap   total 999424K, used 929261K [0x0000000600000000, 0x0000000800000000)
  region size 4096K, 140 young (573440K), 5 survivors (20480K)
 Metaspace       used 252853K, committed 257984K, reserved 1310720K
  class space    used 32482K, committed 34944K, reserved 1048576K
}
Event: 1070.923 GC heap after
{Heap after GC invocations=181 (full 0):
 garbage-first heap   total 999424K, used 400226K [0x0000000600000000, 0x0000000800000000)
  region size 4096K, 10 young (40960K), 10 survivors (40960K)
 Metaspace       used 252853K, committed 257984K, reserved 1310720K
  class space    used 32482K, committed 34944K, reserved 1048576K
}
Event: 1075.925 GC heap before
{Heap before GC invocations=181 (full 0):
 garbage-first heap   total 999424K, used 920418K [0x0000000600000000, 0x0000000800000000)
  region size 4096K, 137 young (561152K), 10 survivors (40960K)
 Metaspace       used 252856K, committed 257984K, reserved 1310720K
  class space    used 32482K, committed 34944K, reserved 1048576K
}
Event: 1075.940 GC heap after
{Heap after GC invocations=182 (full 0):
 garbage-first heap   total 999424K, used 366176K [0x0000000600000000, 0x0000000800000000)
  region size 4096K, 3 young (12288K), 3 survivors (12288K)
 Metaspace       used 252856K, committed 257984K, reserved 1310720K
  class space    used 32482K, committed 34944K, reserved 1048576K
}
Event: 1090.934 GC heap before
{Heap before GC invocations=182 (full 0):
 garbage-first heap   total 999424K, used 935520K [0x0000000600000000, 0x0000000800000000)
  region size 4096K, 142 young (581632K), 3 survivors (12288K)
 Metaspace       used 252898K, committed 258048K, reserved 1310720K
  class space    used 32482K, committed 34944K, reserved 1048576K
}
Event: 1090.941 GC heap after
{Heap after GC invocations=183 (full 0):
 garbage-first heap   total 999424K, used 369123K [0x0000000600000000, 0x0000000800000000)
  region size 4096K, 4 young (16384K), 4 survivors (16384K)
 Metaspace       used 252898K, committed 258048K, reserved 1310720K
  class space    used 32482K, committed 34944K, reserved 1048576K
}
Event: 1104.460 GC heap before
{Heap before GC invocations=184 (full 0):
 garbage-first heap   total 999424K, used 942563K [0x0000000600000000, 0x0000000800000000)
  region size 4096K, 144 young (589824K), 4 survivors (16384K)
 Metaspace       used 253061K, committed 258176K, reserved 1310720K
  class space    used 32485K, committed 34944K, reserved 1048576K
}
Event: 1104.482 GC heap after
{Heap after GC invocations=185 (full 0):
 garbage-first heap   total 999424K, used 384484K [0x0000000600000000, 0x0000000800000000)
  region size 4096K, 8 young (32768K), 8 survivors (32768K)
 Metaspace       used 253061K, committed 258176K, reserved 1310720K
  class space    used 32485K, committed 34944K, reserved 1048576K
}

