# JRE version: OpenJDK Runtime Environment Temurin-21.0.10+7 (21.0.10+7) (build 21.0.10+7-LTS)
# Java VM: OpenJDK 64-Bit Server VM Temurin-21.0.10+7 (21.0.10+7-LTS, mixed mode, sharing, tiered, compressed oops, compressed class ptrs, parallel gc, windows-amd64)
GC Precious Log:
 CardTable entry size: 512
 CPUs: 16 total, 16 available
 Memory: 16010M
 Large Page Support: Disabled
 NUMA Support: Disabled
 Compressed Oops: Enabled (32-bit)
 Alignments: Space 512K, Generation 512K, Heap 2M
 Heap Min Capacity: 100M
 Heap Initial Capacity: 100M
 Heap Max Capacity: 2G
 Pre-touch: Disabled
 Parallel Workers: 13
Heap:
 PSYoungGen      total 6144K, used 1328K [0x00000000d5580000, 0x00000000d5d80000, 0x0000000100000000)
  eden space 5632K, 14% used [0x00000000d5580000,0x00000000d564c0e0,0x00000000d5b00000)
  from space 512K, 100% used [0x00000000d5b00000,0x00000000d5b80000,0x00000000d5b80000)
  to   space 1024K, 0% used [0x00000000d5c80000,0x00000000d5c80000,0x00000000d5d80000)
 ParOldGen       total 1267712K, used 1267314K [0x0000000080000000, 0x00000000cd600000, 0x00000000d5580000)
  object space 1267712K, 99% used [0x0000000080000000,0x00000000cd59c890,0x00000000cd600000)
 Metaspace       used 117483K, committed 120320K, reserved 1179648K
  class space    used 15173K, committed 16448K, reserved 1048576K
GC Heap History (20 events):
Event: 859.400 GC heap before
{Heap before GC invocations=9735 (full 5):
 PSYoungGen      total 4608K, used 3904K [0x00000000d5580000, 0x00000000d5b00000, 0x0000000100000000)
  eden space 3584K, 100% used [0x00000000d5580000,0x00000000d5900000,0x00000000d5900000)
  from space 1024K, 31% used [0x00000000d5900000,0x00000000d5950000,0x00000000d5a00000)
  to   space 512K, 0% used [0x00000000d5a80000,0x00000000d5a80000,0x00000000d5b00000)
 ParOldGen       total 1265152K, used 1265069K [0x0000000080000000, 0x00000000cd380000, 0x00000000d5580000)
  object space 1265152K, 99% used [0x0000000080000000,0x00000000cd36b4b0,0x00000000cd380000)
 Metaspace       used 117435K, committed 120256K, reserved 1179648K
  class space    used 15171K, committed 16448K, reserved 1048576K
}
Event: 859.403 GC heap after
{Heap after GC invocations=9735 (full 5):
 PSYoungGen      total 4096K, used 320K [0x00000000d5580000, 0x00000000d5b00000, 0x0000000100000000)
  eden space 3584K, 0% used [0x00000000d5580000,0x00000000d5580000,0x00000000d5900000)
  from space 512K, 62% used [0x00000000d5a80000,0x00000000d5ad0000,0x00000000d5b00000)
  to   space 512K, 0% used [0x00000000d5a00000,0x00000000d5a00000,0x00000000d5a80000)
 ParOldGen       total 1265664K, used 1265221K [0x0000000080000000, 0x00000000cd400000, 0x00000000d5580000)
  object space 1265664K, 99% used [0x0000000080000000,0x00000000cd3914b0,0x00000000cd400000)
 Metaspace       used 117435K, committed 120256K, reserved 1179648K
  class space    used 15171K, committed 16448K, reserved 1048576K
}
Event: 859.516 GC heap before
{Heap before GC invocations=9736 (full 5):
 PSYoungGen      total 4096K, used 3866K [0x00000000d5580000, 0x00000000d5b00000, 0x0000000100000000)
  eden space 3584K, 98% used [0x00000000d5580000,0x00000000d58f69c0,0x00000000d5900000)
  from space 512K, 62% used [0x00000000d5a80000,0x00000000d5ad0000,0x00000000d5b00000)
  to   space 512K, 0% used [0x00000000d5a00000,0x00000000d5a00000,0x00000000d5a80000)
 ParOldGen       total 1265664K, used 1265221K [0x0000000080000000, 0x00000000cd400000, 0x00000000d5580000)
  object space 1265664K, 99% used [0x0000000080000000,0x00000000cd3914b0,0x00000000cd400000)
 Metaspace       used 117442K, committed 120256K, reserved 1179648K
  class space    used 15171K, committed 16448K, reserved 1048576K
}
Event: 859.519 GC heap after
{Heap after GC invocations=9736 (full 5):
 PSYoungGen      total 4096K, used 352K [0x00000000d5580000, 0x00000000d5b00000, 0x0000000100000000)
  eden space 3584K, 0% used [0x00000000d5580000,0x00000000d5580000,0x00000000d5900000)
  from space 512K, 68% used [0x00000000d5a00000,0x00000000d5a58000,0x00000000d5a80000)
  to   space 512K, 0% used [0x00000000d5a80000,0x00000000d5a80000,0x00000000d5b00000)
 ParOldGen       total 1265664K, used 1265365K [0x0000000080000000, 0x00000000cd400000, 0x00000000d5580000)
  object space 1265664K, 99% used [0x0000000080000000,0x00000000cd3b54c0,0x00000000cd400000)
 Metaspace       used 117442K, committed 120256K, reserved 1179648K
  class space    used 15171K, committed 16448K, reserved 1048576K
}
Event: 859.585 GC heap before
{Heap before GC invocations=9737 (full 5):
 PSYoungGen      total 4096K, used 3936K [0x00000000d5580000, 0x00000000d5b00000, 0x0000000100000000)
  eden space 3584K, 100% used [0x00000000d5580000,0x00000000d5900000,0x00000000d5900000)
  from space 512K, 68% used [0x00000000d5a00000,0x00000000d5a58000,0x00000000d5a80000)
  to   space 512K, 0% used [0x00000000d5a80000,0x00000000d5a80000,0x00000000d5b00000)
 ParOldGen       total 1265664K, used 1265365K [0x0000000080000000, 0x00000000cd400000, 0x00000000d5580000)
  object space 1265664K, 99% used [0x0000000080000000,0x00000000cd3b54c0,0x00000000cd400000)
 Metaspace       used 117458K, committed 120320K, reserved 1179648K
  class space    used 15173K, committed 16448K, reserved 1048576K
}
Event: 859.587 GC heap after
{Heap after GC invocations=9737 (full 5):
 PSYoungGen      total 4096K, used 391K [0x00000000d5580000, 0x00000000d5b00000, 0x0000000100000000)
  eden space 3584K, 0% used [0x00000000d5580000,0x00000000d5580000,0x00000000d5900000)
  from space 512K, 76% used [0x00000000d5a80000,0x00000000d5ae1e10,0x00000000d5b00000)
  to   space 512K, 0% used [0x00000000d5a00000,0x00000000d5a00000,0x00000000d5a80000)
 ParOldGen       total 1265664K, used 1265457K [0x0000000080000000, 0x00000000cd400000, 0x00000000d5580000)
  object space 1265664K, 99% used [0x0000000080000000,0x00000000cd3cc4d0,0x00000000cd400000)
 Metaspace       used 117458K, committed 120320K, reserved 1179648K
  class space    used 15173K, committed 16448K, reserved 1048576K
}
Event: 859.616 GC heap before
{Heap before GC invocations=9738 (full 5):
 PSYoungGen      total 4096K, used 3975K [0x00000000d5580000, 0x00000000d5b00000, 0x0000000100000000)
  eden space 3584K, 99% used [0x00000000d5580000,0x00000000d58ffff0,0x00000000d5900000)
  from space 512K, 76% used [0x00000000d5a80000,0x00000000d5ae1e10,0x00000000d5b00000)
  to   space 512K, 0% used [0x00000000d5a00000,0x00000000d5a00000,0x00000000d5a80000)
 ParOldGen       total 1265664K, used 1265457K [0x0000000080000000, 0x00000000cd400000, 0x00000000d5580000)
  object space 1265664K, 99% used [0x0000000080000000,0x00000000cd3cc4d0,0x00000000cd400000)
 Metaspace       used 117462K, committed 120320K, reserved 1179648K
  class space    used 15173K, committed 16448K, reserved 1048576K
}
Event: 859.618 GC heap after
{Heap after GC invocations=9738 (full 5):
 PSYoungGen      total 4096K, used 412K [0x00000000d5580000, 0x00000000d5b00000, 0x0000000100000000)
  eden space 3584K, 0% used [0x00000000d5580000,0x00000000d5580000,0x00000000d5900000)
  from space 512K, 80% used [0x00000000d5a00000,0x00000000d5a67070,0x00000000d5a80000)
  to   space 512K, 0% used [0x00000000d5a80000,0x00000000d5a80000,0x00000000d5b00000)
 ParOldGen       total 1265664K, used 1265648K [0x0000000080000000, 0x00000000cd400000, 0x00000000d5580000)
  object space 1265664K, 99% used [0x0000000080000000,0x00000000cd3fc2e0,0x00000000cd400000)
 Metaspace       used 117462K, committed 120320K, reserved 1179648K
  class space    used 15173K, committed 16448K, reserved 1048576K
}
Event: 859.620 GC heap before
{Heap before GC invocations=9739 (full 5):
 PSYoungGen      total 4096K, used 3996K [0x00000000d5580000, 0x00000000d5b00000, 0x0000000100000000)
  eden space 3584K, 100% used [0x00000000d5580000,0x00000000d5900000,0x00000000d5900000)
  from space 512K, 80% used [0x00000000d5a00000,0x00000000d5a67070,0x00000000d5a80000)
  to   space 512K, 0% used [0x00000000d5a80000,0x00000000d5a80000,0x00000000d5b00000)
 ParOldGen       total 1265664K, used 1265648K [0x0000000080000000, 0x00000000cd400000, 0x00000000d5580000)
  object space 1265664K, 99% used [0x0000000080000000,0x00000000cd3fc2e0,0x00000000cd400000)
 Metaspace       used 117463K, committed 120320K, reserved 1179648K
  class space    used 15173K, committed 16448K, reserved 1048576K
}
Event: 859.622 GC heap after
{Heap after GC invocations=9739 (full 5):
 PSYoungGen      total 4096K, used 224K [0x00000000d5580000, 0x00000000d5b00000, 0x0000000100000000)
  eden space 3584K, 0% used [0x00000000d5580000,0x00000000d5580000,0x00000000d5900000)
  from space 512K, 43% used [0x00000000d5a80000,0x00000000d5ab8000,0x00000000d5b00000)
  to   space 512K, 0% used [0x00000000d5a00000,0x00000000d5a00000,0x00000000d5a80000)
 ParOldGen       total 1266176K, used 1265900K [0x0000000080000000, 0x00000000cd480000, 0x00000000d5580000)
  object space 1266176K, 99% used [0x0000000080000000,0x00000000cd43b370,0x00000000cd480000)
 Metaspace       used 117463K, committed 120320K, reserved 1179648K
  class space    used 15173K, committed 16448K, reserved 1048576K
}
Event: 859.626 GC heap before
{Heap before GC invocations=9740 (full 5):
 PSYoungGen      total 4096K, used 3807K [0x00000000d5580000, 0x00000000d5b00000, 0x0000000100000000)
  eden space 3584K, 99% used [0x00000000d5580000,0x00000000d58fff88,0x00000000d5900000)
  from space 512K, 43% used [0x00000000d5a80000,0x00000000d5ab8000,0x00000000d5b00000)
  to   space 512K, 0% used [0x00000000d5a00000,0x00000000d5a00000,0x00000000d5a80000)
 ParOldGen       total 1266176K, used 1265900K [0x0000000080000000, 0x00000000cd480000, 0x00000000d5580000)
  object space 1266176K, 99% used [0x0000000080000000,0x00000000cd43b370,0x00000000cd480000)
 Metaspace       used 117463K, committed 120320K, reserved 1179648K
  class space    used 15173K, committed 16448K, reserved 1048576K
}
Event: 859.628 GC heap after
{Heap after GC invocations=9740 (full 5):
 PSYoungGen      total 4096K, used 192K [0x00000000d5580000, 0x00000000d5b00000, 0x0000000100000000)
  eden space 3584K, 0% used [0x00000000d5580000,0x00000000d5580000,0x00000000d5900000)
  from space 512K, 37% used [0x00000000d5a00000,0x00000000d5a30000,0x00000000d5a80000)
  to   space 512K, 0% used [0x00000000d5a80000,0x00000000d5a80000,0x00000000d5b00000)
 ParOldGen       total 1266176K, used 1265972K [0x0000000080000000, 0x00000000cd480000, 0x00000000d5580000)
  object space 1266176K, 99% used [0x0000000080000000,0x00000000cd44d370,0x00000000cd480000)
 Metaspace       used 117463K, committed 120320K, reserved 1179648K
  class space    used 15173K, committed 16448K, reserved 1048576K
}
Event: 859.630 GC heap before
{Heap before GC invocations=9741 (full 5):
 PSYoungGen      total 4096K, used 3776K [0x00000000d5580000, 0x00000000d5b00000, 0x0000000100000000)
  eden space 3584K, 100% used [0x00000000d5580000,0x00000000d5900000,0x00000000d5900000)
  from space 512K, 37% used [0x00000000d5a00000,0x00000000d5a30000,0x00000000d5a80000)
  to   space 512K, 0% used [0x00000000d5a80000,0x00000000d5a80000,0x00000000d5b00000)
 ParOldGen       total 1266176K, used 1265972K [0x0000000080000000, 0x00000000cd480000, 0x00000000d5580000)
  object space 1266176K, 99% used [0x0000000080000000,0x00000000cd44d370,0x00000000cd480000)
 Metaspace       used 117463K, committed 120320K, reserved 1179648K
  class space    used 15173K, committed 16448K, reserved 1048576K
}
Event: 859.632 GC heap after
{Heap after GC invocations=9741 (full 5):
 PSYoungGen      total 5120K, used 64K [0x00000000d5580000, 0x00000000d5b00000, 0x0000000100000000)
  eden space 4608K, 0% used [0x00000000d5580000,0x00000000d5580000,0x00000000d5a00000)
  from space 512K, 12% used [0x00000000d5a80000,0x00000000d5a90000,0x00000000d5b00000)
  to   space 512K, 0% used [0x00000000d5a00000,0x00000000d5a00000,0x00000000d5a80000)
 ParOldGen       total 1266176K, used 1266004K [0x0000000080000000, 0x00000000cd480000, 0x00000000d5580000)
  object space 1266176K, 99% used [0x0000000080000000,0x00000000cd455370,0x00000000cd480000)
 Metaspace       used 117463K, committed 120320K, reserved 1179648K
  class space    used 15173K, committed 16448K, reserved 1048576K
}
Event: 859.637 GC heap before
{Heap before GC invocations=9742 (full 5):
 PSYoungGen      total 5120K, used 4672K [0x00000000d5580000, 0x00000000d5b00000, 0x0000000100000000)
  eden space 4608K, 100% used [0x00000000d5580000,0x00000000d5a00000,0x00000000d5a00000)
  from space 512K, 12% used [0x00000000d5a80000,0x00000000d5a90000,0x00000000d5b00000)
  to   space 512K, 0% used [0x00000000d5a00000,0x00000000d5a00000,0x00000000d5a80000)
 ParOldGen       total 1266176K, used 1266004K [0x0000000080000000, 0x00000000cd480000, 0x00000000d5580000)
  object space 1266176K, 99% used [0x0000000080000000,0x00000000cd455370,0x00000000cd480000)
 Metaspace       used 117463K, committed 120320K, reserved 1179648K
  class space    used 15173K, committed 16448K, reserved 1048576K
}
Event: 859.640 GC heap after
{Heap after GC invocations=9742 (full 5):
 PSYoungGen      total 5120K, used 256K [0x00000000d5580000, 0x00000000d5c00000, 0x0000000100000000)
  eden space 4608K, 0% used [0x00000000d5580000,0x00000000d5580000,0x00000000d5a00000)
  from space 512K, 50% used [0x00000000d5a00000,0x00000000d5a40000,0x00000000d5a80000)
  to   space 512K, 0% used [0x00000000d5b80000,0x00000000d5b80000,0x00000000d5c00000)
 ParOldGen       total 1266176K, used 1266020K [0x0000000080000000, 0x00000000cd480000, 0x00000000d5580000)
  object space 1266176K, 99% used [0x0000000080000000,0x00000000cd459370,0x00000000cd480000)
 Metaspace       used 117463K, committed 120320K, reserved 1179648K
  class space    used 15173K, committed 16448K, reserved 1048576K
}
Event: 859.643 GC heap before
{Heap before GC invocations=9743 (full 5):
 PSYoungGen      total 5120K, used 4864K [0x00000000d5580000, 0x00000000d5c00000, 0x0000000100000000)
  eden space 4608K, 100% used [0x00000000d5580000,0x00000000d5a00000,0x00000000d5a00000)
  from space 512K, 50% used [0x00000000d5a00000,0x00000000d5a40000,0x00000000d5a80000)
  to   space 512K, 0% used [0x00000000d5b80000,0x00000000d5b80000,0x00000000d5c00000)
 ParOldGen       total 1266176K, used 1266020K [0x0000000080000000, 0x00000000cd480000, 0x00000000d5580000)
  object space 1266176K, 99% used [0x0000000080000000,0x00000000cd459370,0x00000000cd480000)
 Metaspace       used 117463K, committed 120320K, reserved 1179648K
  class space    used 15173K, committed 16448K, reserved 1048576K
}
Event: 859.645 GC heap after
{Heap after GC invocations=9743 (full 5):
 PSYoungGen      total 6144K, used 192K [0x00000000d5580000, 0x00000000d5c00000, 0x0000000100000000)
  eden space 5632K, 0% used [0x00000000d5580000,0x00000000d5580000,0x00000000d5b00000)
  from space 512K, 37% used [0x00000000d5b80000,0x00000000d5bb0000,0x00000000d5c00000)
  to   space 512K, 0% used [0x00000000d5b00000,0x00000000d5b00000,0x00000000d5b80000)
 ParOldGen       total 1266176K, used 1266092K [0x0000000080000000, 0x00000000cd480000, 0x00000000d5580000)
  object space 1266176K, 99% used [0x0000000080000000,0x00000000cd46b370,0x00000000cd480000)
 Metaspace       used 117463K, committed 120320K, reserved 1179648K
  class space    used 15173K, committed 16448K, reserved 1048576K
}
Event: 859.687 GC heap before
{Heap before GC invocations=9744 (full 5):
 PSYoungGen      total 6144K, used 5824K [0x00000000d5580000, 0x00000000d5c00000, 0x0000000100000000)
  eden space 5632K, 100% used [0x00000000d5580000,0x00000000d5b00000,0x00000000d5b00000)
  from space 512K, 37% used [0x00000000d5b80000,0x00000000d5bb0000,0x00000000d5c00000)
  to   space 512K, 0% used [0x00000000d5b00000,0x00000000d5b00000,0x00000000d5b80000)
 ParOldGen       total 1266176K, used 1266092K [0x0000000080000000, 0x00000000cd480000, 0x00000000d5580000)
  object space 1266176K, 99% used [0x0000000080000000,0x00000000cd46b370,0x00000000cd480000)
 Metaspace       used 117463K, committed 120320K, reserved 1179648K
  class space    used 15173K, committed 16448K, reserved 1048576K
}
Event: 859.689 GC heap after
{Heap after GC invocations=9744 (full 5):
 PSYoungGen      total 6144K, used 352K [0x00000000d5580000, 0x00000000d5d80000, 0x0000000100000000)
  eden space 5632K, 0% used [0x00000000d5580000,0x00000000d5580000,0x00000000d5b00000)
  from space 512K, 68% used [0x00000000d5b00000,0x00000000d5b58000,0x00000000d5b80000)
  to   space 512K, 0% used [0x00000000d5d00000,0x00000000d5d00000,0x00000000d5d80000)
 ParOldGen       total 1266176K, used 1266100K [0x0000000080000000, 0x00000000cd480000, 0x00000000d5580000)
  object space 1266176K, 99% used [0x0000000080000000,0x00000000cd46d370,0x00000000cd480000)
 Metaspace       used 117463K, committed 120320K, reserved 1179648K
  class space    used 15173K, committed 16448K, reserved 1048576K
}

